<?xml version="1.0" encoding="UTF-8"?>
<!-- Generated by org.testng.reporters.JUnitReportReporter -->
<testsuite hostname="evyatar" failures="0" tests="3" name="com.evy.tests.MyTests" time="33.037" errors="0" timestamp="2023-02-28T17:22:30 IST" skipped="0">
  <testcase classname="com.evy.tests.MyTests" name="loginTest" time="10.392"/>
  <system-out/>
  <testcase classname="com.evy.tests.MyTests" name="createNewCustomerTest" time="15.137"/>
  <system-out/>
  <testcase classname="com.evy.tests.MyTests" name="signupTest" time="7.508"/>
  <system-out/>
</testsuite> <!-- com.evy.tests.MyTests -->
